QSAPP/build/outputs/logs/manifest-merger-debug-report.txt
-- Merging decision tree log ---
manifest
ADDED from QS\QSAPP\AndroidManifest.xml:2:1-215:12
	package
		ADDED from QS\QSAPP\AndroidManifest.xml:3:2-26
	android:versionName
		ADDED from QS\QSAPP\AndroidManifest.xml:5:2-27
		INJECTED from QS\QSAPP\AndroidManifest.xml
		INJECTED from QS\QSAPP\AndroidManifest.xml
	xmlns:tools
		ADDED from QS\QSAPP\AndroidManifest.xml:6:2-48
	android:versionCode
		ADDED from QS\QSAPP\AndroidManifest.xml:4:2-25
		INJECTED from QS\QSAPP\AndroidManifest.xml
		INJECTED from QS\QSAPP\AndroidManifest.xml
	xmlns:android
		ADDED from QS\QSAPP\AndroidManifest.xml:2:11-69
uses-sdk
ADDED from QS\QSAPP\AndroidManifest.xml:9:5-13:5
MERGED from [QS:OpenCV Library - 3.0.0:unspecified] AndroidManifest.xml:7:5-43
MERGED from [QS:library:unspecified] AndroidManifest.xml:7:5-43
MERGED from [QS:WeiboSDK:unspecified] AndroidManifest.xml:7:5-43
MERGED from [QS:main:unspecified] AndroidManifest.xml:7:5-44
MERGED from [QS:SwipeMenuListView:unspecified] AndroidManifest.xml:7:5-9:41
	tools:overrideLibrary
		ADDED from QS\QSAPP\AndroidManifest.xml:12:3-48
	android:targetSdkVersion
		ADDED from QS\QSAPP\AndroidManifest.xml:11:9-38
	android:minSdkVersion
		ADDED from QS\QSAPP\AndroidManifest.xml:10:9-34
uses-permission#android.permission.RECORD_AUDIO
ADDED from QS\QSAPP\AndroidManifest.xml:16:2-67
	android:name
		ADDED from QS\QSAPP\AndroidManifest.xml:16:19-65
uses-permission#android.permission.CAMERA
ADDED from QS\QSAPP\AndroidManifest.xml:18:2-61
	android:name
		ADDED from QS\QSAPP\AndroidManifest.xml:18:19-59
uses-permission#android.permission.MOUNT_UNMOUNT_FILESYSTEMS
ADDED from QS\QSAPP\AndroidManifest.xml:19:2-80
	android:name
		ADDED from QS\QSAPP\AndroidManifest.xml:19:19-78
uses-permission#android.permission.WRITE_EXTERNAL_STORAGE
ADDED from QS\QSAPP\AndroidManifest.xml:21:2-77
	android:name
		ADDED from QS\QSAPP\AndroidManifest.xml:21:19-75
uses-permission#android.permission.READ_PHONE_STATE
ADDED from QS\QSAPP\AndroidManifest.xml:29:5-75
	android:name
		ADDED from QS\QSAPP\AndroidManifest.xml:29:22-72
uses-permission#android.permission.INTERNET
ADDED from QS\QSAPP\AndroidManifest.xml:30:5-67
	android:name
		ADDED from QS\QSAPP\AndroidManifest.xml:30:22-64
uses-permission#android.permission.ACCESS_WIFI_STATE
ADDED from QS\QSAPP\AndroidManifest.xml:31:5-76
	android:name
		ADDED from QS\QSAPP\AndroidManifest.xml:31:22-73
uses-permission#android.permission.ACCESS_NETWORK_STATE
ADDED from QS\QSAPP\AndroidManifest.xml:32:5-79
	android:name
		ADDED from QS\QSAPP\AndroidManifest.xml:32:22-76
uses-feature#android.hardware.camera
ADDED from QS\QSAPP\AndroidManifest.xml:35:5-60
	android:name
		ADDED from QS\QSAPP\AndroidManifest.xml:35:19-57
uses-feature#android.hardware.camera.autofocus
ADDED from QS\QSAPP\AndroidManifest.xml:36:5-37:36
	android:required
		ADDED from QS\QSAPP\AndroidManifest.xml:37:9-33
	android:name
		ADDED from QS\QSAPP\AndroidManifest.xml:36:19-67
uses-feature#android.hardware.camera.flash
ADDED from QS\QSAPP\AndroidManifest.xml:38:5-39:36
	android:required
		ADDED from QS\QSAPP\AndroidManifest.xml:39:9-33
	android:name
		ADDED from QS\QSAPP\AndroidManifest.xml:38:19-63
application
ADDED from QS\QSAPP\AndroidManifest.xml:42:2-206:16
MERGED from [QS:library:unspecified] AndroidManifest.xml:9:5-20
MERGED from [QS:SwipeMenuListView:unspecified] AndroidManifest.xml:11:5-16:19
	android:label
		ADDED from QS\QSAPP\AndroidManifest.xml:43:40-72
	android:icon
		ADDED from QS\QSAPP\AndroidManifest.xml:43:3-39
	android:allowBackup
		ADDED from [QS:SwipeMenuListView:unspecified] AndroidManifest.xml:12:9-35
	android:theme
		ADDED from [QS:SwipeMenuListView:unspecified] AndroidManifest.xml:15:9-40
	android:name
		ADDED from QS\QSAPP\AndroidManifest.xml:42:15-56
activity#com.app.demos.mycam.CameraActivity
ADDED from QS\QSAPP\AndroidManifest.xml:47:3-52:20
	android:screenOrientation
		ADDED from QS\QSAPP\AndroidManifest.xml:50:13-50
	android:label
		ADDED from QS\QSAPP\AndroidManifest.xml:49:13-45
	android:name
		ADDED from QS\QSAPP\AndroidManifest.xml:48:13-62
activity#com.app.demos.mycam.LabActivity
ADDED from QS\QSAPP\AndroidManifest.xml:53:9-57:20
	android:screenOrientation
		ADDED from QS\QSAPP\AndroidManifest.xml:56:13-50
	android:label
		ADDED from QS\QSAPP\AndroidManifest.xml:55:13-45
	android:name
		ADDED from QS\QSAPP\AndroidManifest.xml:54:13-59
activity#com.app.demos.mycam.RecordVideo
ADDED from QS\QSAPP\AndroidManifest.xml:59:9-67:20
	android:label
		ADDED from QS\QSAPP\AndroidManifest.xml:61:13-45
	android:name
		ADDED from QS\QSAPP\AndroidManifest.xml:60:13-59
intent-filter#android.intent.action.VIEW+android.intent.category.DEFAULT
ADDED from QS\QSAPP\AndroidManifest.xml:63:13-66:20
action#android.intent.action.VIEW
ADDED from QS\QSAPP\AndroidManifest.xml:64:5-57
	android:name
		ADDED from QS\QSAPP\AndroidManifest.xml:64:13-54
category#android.intent.category.DEFAULT
ADDED from QS\QSAPP\AndroidManifest.xml:65:5-64
	android:name
		ADDED from QS\QSAPP\AndroidManifest.xml:65:15-61
activity#com.app.demos.util.HelpDoc
ADDED from QS\QSAPP\AndroidManifest.xml:69:9-78:20
	android:label
		ADDED from QS\QSAPP\AndroidManifest.xml:71:13-45
	android:theme
		ADDED from QS\QSAPP\AndroidManifest.xml:72:13-60
	android:name
		ADDED from QS\QSAPP\AndroidManifest.xml:70:13-54
activity#com.app.demos.ui.UiLogin
ADDED from QS\QSAPP\AndroidManifest.xml:81:3-87:14
	android:theme
		ADDED from QS\QSAPP\AndroidManifest.xml:82:4-52
	android:name
		ADDED from QS\QSAPP\AndroidManifest.xml:81:13-52
intent-filter#android.intent.action.MAIN+android.intent.category.LAUNCHER
ADDED from QS\QSAPP\AndroidManifest.xml:83:4-86:20
action#android.intent.action.MAIN
ADDED from QS\QSAPP\AndroidManifest.xml:84:5-57
	android:name
		ADDED from QS\QSAPP\AndroidManifest.xml:84:13-54
category#android.intent.category.LAUNCHER
ADDED from QS\QSAPP\AndroidManifest.xml:85:5-65
	android:name
		ADDED from QS\QSAPP\AndroidManifest.xml:85:15-62
activity#com.app.demos.ui.NewUiIndex
ADDED from QS\QSAPP\AndroidManifest.xml:88:3-94:14
	android:theme
		ADDED from QS\QSAPP\AndroidManifest.xml:89:4-52
	android:name
		ADDED from QS\QSAPP\AndroidManifest.xml:88:13-55
activity#com.app.demos.ui.UiIndex
ADDED from QS\QSAPP\AndroidManifest.xml:96:3-102:14
	android:theme
		ADDED from QS\QSAPP\AndroidManifest.xml:97:4-52
	android:name
		ADDED from QS\QSAPP\AndroidManifest.xml:96:13-52
activity#com.app.demos.ui.UiBlog
ADDED from QS\QSAPP\AndroidManifest.xml:105:3-111:14
	android:theme
		ADDED from QS\QSAPP\AndroidManifest.xml:106:4-52
	android:name
		ADDED from QS\QSAPP\AndroidManifest.xml:105:13-51
activity#com.app.demos.ui.UiBlogs
ADDED from QS\QSAPP\AndroidManifest.xml:112:3-118:14
	android:theme
		ADDED from QS\QSAPP\AndroidManifest.xml:113:4-52
	android:name
		ADDED from QS\QSAPP\AndroidManifest.xml:112:13-52
activity#com.app.demos.ui.UiConfig
ADDED from QS\QSAPP\AndroidManifest.xml:119:3-125:14
	android:theme
		ADDED from QS\QSAPP\AndroidManifest.xml:120:4-52
	android:name
		ADDED from QS\QSAPP\AndroidManifest.xml:119:13-53
activity#com.app.demos.ui.UiEditText
ADDED from QS\QSAPP\AndroidManifest.xml:126:3-135:14
	android:launchMode
		ADDED from QS\QSAPP\AndroidManifest.xml:129:4-34
	android:windowSoftInputMode
		ADDED from QS\QSAPP\AndroidManifest.xml:128:4-59
	android:theme
		ADDED from QS\QSAPP\AndroidManifest.xml:127:4-52
	android:name
		ADDED from QS\QSAPP\AndroidManifest.xml:126:13-55
intent-filter#android.intent.action.VIEW+android.intent.category.DEFAULT+com.app.demos.EDITTEXT
ADDED from QS\QSAPP\AndroidManifest.xml:130:4-134:20
action#com.app.demos.EDITTEXT
ADDED from QS\QSAPP\AndroidManifest.xml:131:5-53
	android:name
		ADDED from QS\QSAPP\AndroidManifest.xml:131:13-50
activity#com.app.demos.ui.UiEditBlog
ADDED from QS\QSAPP\AndroidManifest.xml:136:3-145:14
	android:launchMode
		ADDED from QS\QSAPP\AndroidManifest.xml:139:4-34
	android:windowSoftInputMode
		ADDED from QS\QSAPP\AndroidManifest.xml:138:4-59
	android:theme
		ADDED from QS\QSAPP\AndroidManifest.xml:137:4-52
	android:name
		ADDED from QS\QSAPP\AndroidManifest.xml:136:13-55
intent-filter#android.intent.action.VIEW+android.intent.category.DEFAULT+com.app.demos.EDITBLOG
ADDED from QS\QSAPP\AndroidManifest.xml:140:4-144:20
action#com.app.demos.EDITBLOG
ADDED from QS\QSAPP\AndroidManifest.xml:141:5-53
	android:name
		ADDED from QS\QSAPP\AndroidManifest.xml:141:13-50
activity#com.app.demos.base.EnLargePic
ADDED from QS\QSAPP\AndroidManifest.xml:148:3-157:14
	android:launchMode
		ADDED from QS\QSAPP\AndroidManifest.xml:151:4-34
	android:windowSoftInputMode
		ADDED from QS\QSAPP\AndroidManifest.xml:150:4-59
	android:theme
		ADDED from QS\QSAPP\AndroidManifest.xml:149:4-52
	android:name
		ADDED from QS\QSAPP\AndroidManifest.xml:148:13-57
intent-filter#android.intent.action.VIEW+android.intent.category.DEFAULT+com.app.demos.ENLARGEPIC
ADDED from QS\QSAPP\AndroidManifest.xml:152:4-156:20
action#com.app.demos.ENLARGEPIC
ADDED from QS\QSAPP\AndroidManifest.xml:153:5-55
	android:name
		ADDED from QS\QSAPP\AndroidManifest.xml:153:13-52
activity#com.sina.weibo.sdk.component.WeiboSdkBrowser
ADDED from QS\QSAPP\AndroidManifest.xml:162:9-166:20
	android:exported
		ADDED from QS\QSAPP\AndroidManifest.xml:165:13-37
	android:windowSoftInputMode
		ADDED from QS\QSAPP\AndroidManifest.xml:164:13-55
	android:configChanges
		ADDED from QS\QSAPP\AndroidManifest.xml:163:13-63
	android:name
		ADDED from QS\QSAPP\AndroidManifest.xml:162:19-78
activity#com.app.demos.ui.UiSetFace
ADDED from QS\QSAPP\AndroidManifest.xml:175:3-182:14
	android:launchMode
		ADDED from QS\QSAPP\AndroidManifest.xml:177:4-34
	android:theme
		ADDED from QS\QSAPP\AndroidManifest.xml:176:4-52
	android:name
		ADDED from QS\QSAPP\AndroidManifest.xml:175:13-54
activity#com.app.demos.demo.DemoWeb
ADDED from QS\QSAPP\AndroidManifest.xml:183:3-189:14
	android:theme
		ADDED from QS\QSAPP\AndroidManifest.xml:184:4-52
	android:name
		ADDED from QS\QSAPP\AndroidManifest.xml:183:13-54
activity#com.app.demos.demo.DemoMap
ADDED from QS\QSAPP\AndroidManifest.xml:190:3-196:14
	android:theme
		ADDED from QS\QSAPP\AndroidManifest.xml:191:4-52
	android:name
		ADDED from QS\QSAPP\AndroidManifest.xml:190:13-54
activity#com.app.demos.test.TestUi
ADDED from QS\QSAPP\AndroidManifest.xml:197:3-203:14
	android:theme
		ADDED from QS\QSAPP\AndroidManifest.xml:198:4-52
	android:name
		ADDED from QS\QSAPP\AndroidManifest.xml:197:13-53
service#com.app.demos.service.NoticeService
ADDED from QS\QSAPP\AndroidManifest.xml:205:3-101
	android:label
		ADDED from QS\QSAPP\AndroidManifest.xml:205:63-99
	android:name
		ADDED from QS\QSAPP\AndroidManifest.xml:205:12-62
uses-permission#android.permission.ACCESS_COARSE_LOCATION
ADDED from QS\QSAPP\AndroidManifest.xml:211:2-78
	android:name
		ADDED from QS\QSAPP\AndroidManifest.xml:211:19-75
uses-permission#android.permission.ACCESS_FINE_LOCATION
ADDED from QS\QSAPP\AndroidManifest.xml:212:2-76
	android:name
		ADDED from QS\QSAPP\AndroidManifest.xml:212:19-73
uses-permission#android.permission.VIBRATE
ADDED from QS\QSAPP\AndroidManifest.xml:214:2-63
	android:name
		ADDED from QS\QSAPP\AndroidManifest.xml:214:19-60